  Building Custom Rule C:/Users/Coral/Desktop/CoralPhone-desktop/linphone-sdk/cmake-builder/CMakeLists.txt
  CMake does not need to re-run because C:/Users/Coral/Desktop/CoralPhone-desktop/WORK/desktop/cmake/CMakeFiles/generate.stamp is up-to-date.
  Creating directories for 'EP_linphoneqt'
  No download step for 'EP_linphoneqt'
  No update step for 'EP_linphoneqt'
  No patch step for 'EP_linphoneqt'
  Performing configure step for 'EP_linphoneqt'
  loading initial cache file C:/Users/Coral/Desktop/CoralPhone-desktop/WORK/desktop//tmp/EP_linphoneqt/EP_linphoneqt-cache-Release.cmake
  -- The C compiler identification is MSVC 19.0.24215.1
  -- The CXX compiler identification is MSVC 19.0.24215.1
  -- Check for working C compiler: C:/Program Files (x86)/Microsoft Visual Studio 14.0/VC/bin/cl.exe
  -- Check for working C compiler: C:/Program Files (x86)/Microsoft Visual Studio 14.0/VC/bin/cl.exe -- works
  -- Detecting C compiler ABI info
  -- Detecting C compiler ABI info - done
  -- Check for working CXX compiler: C:/Program Files (x86)/Microsoft Visual Studio 14.0/VC/bin/cl.exe
  -- Check for working CXX compiler: C:/Program Files (x86)/Microsoft Visual Studio 14.0/VC/bin/cl.exe -- works
  -- Detecting CXX compiler ABI info
  -- Detecting CXX compiler ABI info - done
  -- Detecting CXX compile features
  -- Detecting CXX compile features - done
  CMake Error at CMakeLists.txt:106 (find_package):
    By not providing "FindLinphoneCxx.cmake" in CMAKE_MODULE_PATH this project
    has asked CMake to find a package configuration file provided by
    "LinphoneCxx", but CMake did not find one.
  
    Could not find a package configuration file provided by "LinphoneCxx" with
    any of the following names:
  
      LinphoneCxxConfig.cmake
      linphonecxx-config.cmake
  
    Add the installation prefix of "LinphoneCxx" to CMAKE_PREFIX_PATH or set
    "LinphoneCxx_DIR" to a directory containing one of the above files.  If
    "LinphoneCxx" provides a separate development package or SDK, be sure it
    has been installed.
  
  
  -- Configuring incomplete, errors occurred!
  See also "C:/Users/Coral/Desktop/CoralPhone-desktop/WORK/desktop/Build/linphoneqt/CMakeFiles/CMakeOutput.log".
C:\Program Files (x86)\MSBuild\Microsoft.Cpp\v4.0\V140\Microsoft.CppCommon.targets(171,5): error MSB6006: "cmd.exe" exited with code 1.
