  enabling error_concealment
  enabling realtime_only
  enabling vp8
  disabling vp9
  disabling install_docs
  disabling debug_libs
  disabling examples
  disabling unit_tests
  disabling tools
Configuring for target 'x86-win32-vs14'
  enabling x86
vs14 does not support avx512, disabling.....
  disabling avx512
  enabling runtime_cpu_detect
  enabling mmx
  enabling sse
  enabling sse2
  enabling pic
  enabling sse3
  enabling ssse3
  enabling sse4_1
  enabling avx
  enabling avx2
  using msvs
  disabling ccache
  enabling postproc
  enabling webm_io
  enabling libyuv
Bypassing toolchain for environment detection.
Creating makefiles for x86-win32-vs14 libs
Creating makefiles for x86-win32-vs14 docs
Creating makefiles for x86-win32-vs14 solution
    [CREATE] vpx.vcxproj
C:/Users/Coral/Desktop/CoralPhone-desktop/linphone-sdk/external/libvpx/build/make/gen_msvs_vcxproj.sh \
            --lib \
            --target=x86-win32-vs14 \
             \
            --name=vpx \
            --proj-guid=DCE19DAF-69AC-46DB-B14A-39F0FAA5DB74 \
            --module-def=vpx.def \
            --ver=14 \
            --src-path-bare="C:/Users/Coral/Desktop/CoralPhone-desktop/linphone-sdk/external/libvpx" \
            --out=vpx.vcxproj  -I. -I"C:/Users/Coral/Desktop/CoralPhone-desktop/linphone-sdk/external/libvpx" \
            CHANGELOG libs.mk vpx/vp8.h vpx/vp8cx.h vpx/vp8dx.h vpx/src/vpx_decoder.c vpx/vpx_decoder.h vpx/src/vpx_encoder.c vpx/vpx_encoder.h vpx/internal/vpx_codec_internal.h vpx/src/vpx_codec.c vpx/src/vpx_image.c vpx/vpx_codec.h vpx/vpx_codec.mk vpx/vpx_frame_buffer.h vpx/vpx_image.h vpx/vpx_integer.h vpx_mem/vpx_mem.mk vpx_mem/vpx_mem.c vpx_mem/vpx_mem.h vpx_mem/include/vpx_mem_intrnl.h vpx_scale/vpx_scale.mk vpx_scale/yv12config.h vpx_scale/vpx_scale.h vpx_scale/generic/vpx_scale.c vpx_scale/generic/yv12config.c vpx_scale/generic/yv12extend.c vpx_scale/generic/gen_scalers.c vpx_scale/vpx_scale_rtcd.c vpx_scale/vpx_scale_rtcd.pl vpx_ports/vpx_ports.mk vpx_ports/bitops.h vpx_ports/mem.h vpx_ports/msvc.h vpx_ports/system_state.h vpx_ports/vpx_timer.h vpx_ports/emms.asm vpx_ports/x86.h vpx_dsp/vpx_dsp.mk vpx_dsp/vpx_dsp_common.h vpx_dsp/x86/bitdepth_conversion_avx2.h vpx_dsp/x86/bitdepth_conversion_sse2.h vpx_dsp/prob.h vpx_dsp/prob.c vpx_dsp/bitwriter.h vpx_dsp/bitwriter.c vpx_dsp/bitwriter_buffer.c vpx_dsp/bitwriter_buffer.h vpx_dsp/psnr.c vpx_dsp/psnr.h vpx_dsp/bitreader.h vpx_dsp/bitreader.c vpx_dsp/bitreader_buffer.c vpx_dsp/bitreader_buffer.h vpx_dsp/intrapred.c vpx_dsp/x86/intrapred_sse2.asm vpx_dsp/x86/intrapred_ssse3.asm vpx_dsp/add_noise.c vpx_dsp/deblock.c vpx_dsp/postproc.h vpx_dsp/x86/add_noise_sse2.asm vpx_dsp/x86/deblock_sse2.asm vpx_dsp/vpx_convolve.c vpx_dsp/vpx_convolve.h vpx_dsp/vpx_filter.h vpx_dsp/x86/convolve.h vpx_dsp/x86/vpx_asm_stubs.c vpx_dsp/x86/convolve_ssse3.h vpx_dsp/x86/convolve_avx2.h vpx_dsp/x86/vpx_subpixel_8t_sse2.asm vpx_dsp/x86/vpx_subpixel_bilinear_sse2.asm vpx_dsp/x86/vpx_subpixel_8t_ssse3.asm vpx_dsp/x86/vpx_subpixel_bilinear_ssse3.asm vpx_dsp/x86/vpx_subpixel_8t_intrin_avx2.c vpx_dsp/x86/vpx_subpixel_8t_intrin_ssse3.c vpx_dsp/x86/vpx_convolve_copy_sse2.asm vpx_dsp/loopfilter.c vpx_dsp/x86/loopfilter_sse2.c vpx_dsp/x86/loopfilter_avx2.c vpx_dsp/txfm_common.h vpx_dsp/x86/txfm_common_sse2.h vpx_dsp/skin_detection.h vpx_dsp/skin_detection.c vpx_dsp/sad.c vpx_dsp/subtract.c vpx_dsp/sum_squares.c vpx_dsp/x86/sum_squares_sse2.c vpx_dsp/x86/sad_sse3.asm vpx_dsp/x86/sad_ssse3.asm vpx_dsp/x86/sad_sse4.asm vpx_dsp/x86/sad4d_avx2.c vpx_dsp/x86/sad_avx2.c vpx_dsp/x86/sad4d_sse2.asm vpx_dsp/x86/sad_sse2.asm vpx_dsp/x86/subtract_sse2.asm vpx_dsp/variance.c vpx_dsp/variance.h vpx_dsp/x86/variance_sse2.c vpx_dsp/x86/avg_pred_sse2.c vpx_dsp/x86/variance_avx2.c vpx_dsp/x86/subpel_variance_sse2.asm vpx_dsp/x86/mem_sse2.h vpx_dsp/x86/transpose_sse2.h vpx_dsp/vpx_dsp_rtcd.c vpx_dsp/vpx_dsp_rtcd_defs.pl vpx_util/vpx_atomics.h vpx_util/vpx_util.mk vpx_util/vpx_thread.c vpx_util/vpx_thread.h vpx_util/endian_inl.h vpx_util/vpx_write_yuv_frame.h vpx_util/vpx_write_yuv_frame.c vp8/vp8_common.mk vp8/common/ppflags.h vp8/common/onyx.h vp8/common/onyxd.h vp8/common/alloccommon.c vp8/common/blockd.c vp8/common/coefupdateprobs.h vp8/common/copy_c.c vp8/common/default_coef_probs.h vp8/common/dequantize.c vp8/common/entropy.c vp8/common/entropymode.c vp8/common/entropymv.c vp8/common/extend.c vp8/common/filter.c vp8/common/filter.h vp8/common/findnearmv.c vp8/common/generic/systemdependent.c vp8/common/idct_blk.c vp8/common/idctllm.c vp8/common/alloccommon.h vp8/common/blockd.h vp8/common/common.h vp8/common/entropy.h vp8/common/entropymode.h vp8/common/entropymv.h vp8/common/extend.h vp8/common/findnearmv.h vp8/common/header.h vp8/common/invtrans.h vp8/common/loopfilter.h vp8/common/modecont.h vp8/common/mv.h vp8/common/onyxc_int.h vp8/common/quant_common.h vp8/common/reconinter.h vp8/common/reconintra.h vp8/common/reconintra4x4.h vp8/common/rtcd.c vp8/common/rtcd_defs.pl vp8/common/setupintrarecon.h vp8/common/swapyv12buffer.h vp8/common/systemdependent.h vp8/common/threading.h vp8/common/treecoder.h vp8/common/vp8_loopfilter.c vp8/common/loopfilter_filters.c vp8/common/mbpitch.c vp8/common/modecont.c vp8/common/quant_common.c vp8/common/reconinter.c vp8/common/reconintra.c vp8/common/reconintra4x4.c vp8/common/setupintrarecon.c vp8/common/swapyv12buffer.c vp8/common/vp8_entropymodedata.h vp8/common/treecoder.c vp8/common/x86/filter_x86.c vp8/common/x86/filter_x86.h vp8/common/x86/vp8_asm_stubs.c vp8/common/x86/loopfilter_x86.c vp8/common/mfqe.c vp8/common/postproc.h vp8/common/postproc.c vp8/common/x86/dequantize_mmx.asm vp8/common/x86/idct_blk_mmx.c vp8/common/x86/idctllm_mmx.asm vp8/common/x86/recon_mmx.asm vp8/common/x86/subpixel_mmx.asm vp8/common/x86/copy_sse2.asm vp8/common/x86/idct_blk_sse2.c vp8/common/x86/idctllm_sse2.asm vp8/common/x86/recon_sse2.asm vp8/common/x86/subpixel_sse2.asm vp8/common/x86/loopfilter_sse2.asm vp8/common/x86/iwalsh_sse2.asm vp8/common/x86/copy_sse3.asm vp8/common/x86/subpixel_ssse3.asm vp8/common/x86/mfqe_sse2.asm vp8/vp8cx.mk vp8/vp8_cx_iface.c vp8/encoder/defaultcoefcounts.h vp8/encoder/bitstream.c vp8/encoder/boolhuff.c vp8/encoder/dct.c vp8/encoder/encodeframe.c vp8/encoder/encodeframe.h vp8/encoder/encodeintra.c vp8/encoder/encodemb.c vp8/encoder/encodemv.c vp8/encoder/ethreading.c vp8/encoder/ethreading.h vp8/encoder/block.h vp8/encoder/boolhuff.h vp8/encoder/bitstream.h vp8/encoder/denoising.h vp8/encoder/denoising.c vp8/encoder/encodeintra.h vp8/encoder/encodemb.h vp8/encoder/encodemv.h vp8/encoder/firstpass.h vp8/encoder/lookahead.c vp8/encoder/lookahead.h vp8/encoder/mcomp.h vp8/encoder/modecosts.h vp8/encoder/onyx_int.h vp8/encoder/pickinter.h vp8/encoder/quantize.h vp8/encoder/ratectrl.h vp8/encoder/rdopt.h vp8/encoder/tokenize.h vp8/encoder/treewriter.h vp8/encoder/mcomp.c vp8/encoder/modecosts.c vp8/encoder/onyx_if.c vp8/encoder/pickinter.c vp8/encoder/picklpf.c vp8/encoder/picklpf.h vp8/encoder/vp8_quantize.c vp8/encoder/ratectrl.c vp8/encoder/rdopt.c vp8/encoder/segmentation.c vp8/encoder/segmentation.h vp8/common/vp8_skin_detection.c vp8/common/vp8_skin_detection.h vp8/encoder/tokenize.c vp8/encoder/dct_value_cost.h vp8/encoder/dct_value_tokens.h vp8/encoder/treewriter.c vp8/encoder/x86/dct_sse2.asm vp8/encoder/x86/fwalsh_sse2.asm vp8/encoder/x86/vp8_quantize_sse2.c vp8/encoder/x86/vp8_quantize_ssse3.c vp8/encoder/x86/quantize_sse4.c vp8/encoder/x86/denoising_sse2.c vp8/encoder/x86/vp8_enc_stubs_sse2.c vp8/encoder/x86/encodeopt.asm vp8/vp8dx.mk vp8/vp8_dx_iface.c vp8/decoder/dboolhuff.c vp8/decoder/decodemv.c vp8/decoder/decodeframe.c vp8/decoder/detokenize.c vp8/decoder/ec_types.h vp8/decoder/error_concealment.h vp8/decoder/error_concealment.c vp8/decoder/dboolhuff.h vp8/decoder/decodemv.h vp8/decoder/decoderthreading.h vp8/decoder/detokenize.h vp8/decoder/onyxd_int.h vp8/decoder/treereader.h vp8/decoder/onyxd_if.c vp8/decoder/threading.c build/make/version.sh build/make/rtcd.pl vpx_ports/emmintrin_compat.h vpx_ports/mem_ops.h vpx_ports/mem_ops_aligned.h vpx_ports/vpx_once.h vpx_config.c vpx.def vpx_scale_rtcd.h vpx_dsp_rtcd.h vp8_rtcd.h \
            --src-path-bare="C:/Users/Coral/Desktop/CoralPhone-desktop/linphone-sdk/external/libvpx" \

make[1]: Nothing to be done for `all'.
    [CREATE] vpx.sln
C:/Users/Coral/Desktop/CoralPhone-desktop/linphone-sdk/external/libvpx/build/make/gen_msvs_sln.sh \
             \
            --dep=test_libvpx:gtest \
            --ver=14\
            --out=vpx.sln vpx.vcxproj
msbuild.exe vpx.sln -m -t:Build \
		-p:Configuration="Debug" -p:Platform="Win32"
Microsoft (R) Build Engine version 14.0.25420.1
Copyright (C) Microsoft Corporation. All rights reserved.

Build started 19-01-2019 10:58:48.
     1>Project "c:\Users\Coral\Desktop\CoralPhone-desktop\linphone-sdk\external\libvpx\vpx.sln" on node 1 (Build target(s)).
     1>ValidateSolutionConfiguration:
         Building solution configuration "Debug|Win32".
     1>Project "c:\Users\Coral\Desktop\CoralPhone-desktop\linphone-sdk\external\libvpx\vpx.sln" (1) is building "c:\Users\Coral\Desktop\CoralPhone-desktop\linphone-sdk\external\libvpx\vpx.vcxproj" (2) on node 1 (default targets).
     2>InitializeBuildStatus:
         Creating "Win32\Debug\vpx\vpx.tlog\unsuccessfulbuild" because "AlwaysCreate" was specified.
       CustomBuild:
         All outputs are up-to-date.
       ClCompile:
         All outputs are up-to-date.
         All outputs are up-to-date.
         All outputs are up-to-date.
         All outputs are up-to-date.
         All outputs are up-to-date.
         All outputs are up-to-date.
         All outputs are up-to-date.
         All outputs are up-to-date.
         All outputs are up-to-date.
         All outputs are up-to-date.
         All outputs are up-to-date.
         All outputs are up-to-date.
         All outputs are up-to-date.
         All outputs are up-to-date.
         All outputs are up-to-date.
         All outputs are up-to-date.
         All outputs are up-to-date.
         All outputs are up-to-date.
         All outputs are up-to-date.
         All outputs are up-to-date.
         All outputs are up-to-date.
         All outputs are up-to-date.
         All outputs are up-to-date.
         All outputs are up-to-date.
         All outputs are up-to-date.
         All outputs are up-to-date.
         All outputs are up-to-date.
         All outputs are up-to-date.
         All outputs are up-to-date.
         All outputs are up-to-date.
         All outputs are up-to-date.
         All outputs are up-to-date.
         All outputs are up-to-date.
         All outputs are up-to-date.
         All outputs are up-to-date.
         All outputs are up-to-date.
         All outputs are up-to-date.
         All outputs are up-to-date.
         All outputs are up-to-date.
         All outputs are up-to-date.
         All outputs are up-to-date.
         All outputs are up-to-date.
         All outputs are up-to-date.
         All outputs are up-to-date.
         All outputs are up-to-date.
         All outputs are up-to-date.
         All outputs are up-to-date.
         All outputs are up-to-date.
         All outputs are up-to-date.
         All outputs are up-to-date.
         All outputs are up-to-date.
         All outputs are up-to-date.
         All outputs are up-to-date.
         All outputs are up-to-date.
         All outputs are up-to-date.
         All outputs are up-to-date.
         All outputs are up-to-date.
         All outputs are up-to-date.
         All outputs are up-to-date.
         All outputs are up-to-date.
         All outputs are up-to-date.
         All outputs are up-to-date.
         All outputs are up-to-date.
         All outputs are up-to-date.
         All outputs are up-to-date.
         All outputs are up-to-date.
         All outputs are up-to-date.
         All outputs are up-to-date.
         All outputs are up-to-date.
         All outputs are up-to-date.
         All outputs are up-to-date.
         All outputs are up-to-date.
         All outputs are up-to-date.
         All outputs are up-to-date.
         All outputs are up-to-date.
         All outputs are up-to-date.
         All outputs are up-to-date.
         All outputs are up-to-date.
         All outputs are up-to-date.
         All outputs are up-to-date.
         All outputs are up-to-date.
         All outputs are up-to-date.
         All outputs are up-to-date.
         All outputs are up-to-date.
         All outputs are up-to-date.
         All outputs are up-to-date.
         All outputs are up-to-date.
         All outputs are up-to-date.
         All outputs are up-to-date.
         All outputs are up-to-date.
         All outputs are up-to-date.
         All outputs are up-to-date.
         All outputs are up-to-date.
         All outputs are up-to-date.
         All outputs are up-to-date.
         All outputs are up-to-date.
         All outputs are up-to-date.
         All outputs are up-to-date.
         All outputs are up-to-date.
         All outputs are up-to-date.
         All outputs are up-to-date.
         All outputs are up-to-date.
         All outputs are up-to-date.
         All outputs are up-to-date.
         All outputs are up-to-date.
         All outputs are up-to-date.
         All outputs are up-to-date.
         All outputs are up-to-date.
         C:\Program Files (x86)\Microsoft Visual Studio 14.0\VC\bin\CL.exe /c /I. /I"C:/Users/Coral/Desktop/CoralPhone-desktop/linphone-sdk/external/libvpx" /Zi /nologo /W3 /WX- /sdl- /Od /Oy- /D WIN32 /D _DEBUG /D _CRT_SECURE_NO_WARNINGS /D _CRT_SECURE_NO_DEPRECATE /D _UNICODE /D UNICODE /Gm- /EHsc /MDd /GS /fp:precise /Zc:wchar_t /Zc:forScope /Zc:inline /Fo"Win32\Debug\vpx\vpx_config.obj" /Fd"Win32\Debug\vpx\vpx.pdb" /Gd /TC /analyze- /errorReport:queue vpx_config.c
         vpx_config.c
       Lib:
         C:\Program Files (x86)\Microsoft Visual Studio 14.0\VC\bin\Lib.exe /OUT:"c:\Users\Coral\Desktop\CoralPhone-desktop\linphone-sdk\external\libvpx\Win32\Debug\vpxmdd.lib" /NOLOGO Win32\Debug\vpx\vpx_ports_emms_asm.obj
         Win32\Debug\vpx\vpx_dsp_x86_intrapred_sse2_asm.obj
         Win32\Debug\vpx\vpx_dsp_x86_intrapred_ssse3_asm.obj
         Win32\Debug\vpx\vpx_dsp_x86_add_noise_sse2_asm.obj
         Win32\Debug\vpx\vpx_dsp_x86_deblock_sse2_asm.obj
         Win32\Debug\vpx\vpx_dsp_x86_vpx_subpixel_8t_sse2_asm.obj
         Win32\Debug\vpx\vpx_dsp_x86_vpx_subpixel_bilinear_sse2_asm.obj
         Win32\Debug\vpx\vpx_dsp_x86_vpx_subpixel_8t_ssse3_asm.obj
         Win32\Debug\vpx\vpx_dsp_x86_vpx_subpixel_bilinear_ssse3_asm.obj
         Win32\Debug\vpx\vpx_dsp_x86_vpx_convolve_copy_sse2_asm.obj
         Win32\Debug\vpx\vpx_dsp_x86_sad_sse3_asm.obj
         Win32\Debug\vpx\vpx_dsp_x86_sad_ssse3_asm.obj
         Win32\Debug\vpx\vpx_dsp_x86_sad_sse4_asm.obj
         Win32\Debug\vpx\vpx_dsp_x86_sad4d_sse2_asm.obj
         Win32\Debug\vpx\vpx_dsp_x86_sad_sse2_asm.obj
         Win32\Debug\vpx\vpx_dsp_x86_subtract_sse2_asm.obj
         Win32\Debug\vpx\vpx_dsp_x86_subpel_variance_sse2_asm.obj
         Win32\Debug\vpx\vp8_common_x86_dequantize_mmx_asm.obj
         Win32\Debug\vpx\vp8_common_x86_idctllm_mmx_asm.obj
         Win32\Debug\vpx\vp8_common_x86_recon_mmx_asm.obj
         Win32\Debug\vpx\vp8_common_x86_subpixel_mmx_asm.obj
         Win32\Debug\vpx\vp8_common_x86_copy_sse2_asm.obj
         Win32\Debug\vpx\vp8_common_x86_idctllm_sse2_asm.obj
         Win32\Debug\vpx\vp8_common_x86_recon_sse2_asm.obj
         Win32\Debug\vpx\vp8_common_x86_subpixel_sse2_asm.obj
         Win32\Debug\vpx\vp8_common_x86_loopfilter_sse2_asm.obj
         Win32\Debug\vpx\vp8_common_x86_iwalsh_sse2_asm.obj
         Win32\Debug\vpx\vp8_common_x86_copy_sse3_asm.obj
         Win32\Debug\vpx\vp8_common_x86_subpixel_ssse3_asm.obj
         Win32\Debug\vpx\vp8_common_x86_mfqe_sse2_asm.obj
         Win32\Debug\vpx\vp8_encoder_x86_dct_sse2_asm.obj
         Win32\Debug\vpx\vp8_encoder_x86_fwalsh_sse2_asm.obj
         Win32\Debug\vpx\vp8_encoder_x86_encodeopt_asm.obj
         Win32\Debug\vpx\vpx_src_vpx_decoder.obj
         Win32\Debug\vpx\vpx_src_vpx_encoder.obj
         Win32\Debug\vpx\vpx_src_vpx_codec.obj
         Win32\Debug\vpx\vpx_src_vpx_image.obj
         Win32\Debug\vpx\vpx_mem_vpx_mem.obj
         Win32\Debug\vpx\vpx_scale_generic_vpx_scale.obj
         Win32\Debug\vpx\vpx_scale_generic_yv12config.obj
         Win32\Debug\vpx\vpx_scale_generic_yv12extend.obj
         Win32\Debug\vpx\vpx_scale_generic_gen_scalers.obj
         Win32\Debug\vpx\vpx_scale_vpx_scale_rtcd.obj
         Win32\Debug\vpx\vpx_dsp_prob.obj
         Win32\Debug\vpx\vpx_dsp_bitwriter.obj
         Win32\Debug\vpx\vpx_dsp_bitwriter_buffer.obj
         Win32\Debug\vpx\vpx_dsp_psnr.obj
         Win32\Debug\vpx\vpx_dsp_bitreader.obj
         Win32\Debug\vpx\vpx_dsp_bitreader_buffer.obj
         Win32\Debug\vpx\vpx_dsp_intrapred.obj
         Win32\Debug\vpx\vpx_dsp_add_noise.obj
         Win32\Debug\vpx\vpx_dsp_deblock.obj
         Win32\Debug\vpx\vpx_dsp_vpx_convolve.obj
         Win32\Debug\vpx\vpx_dsp_x86_vpx_asm_stubs.obj
         Win32\Debug\vpx\vpx_dsp_x86_vpx_subpixel_8t_intrin_avx2.obj
         Win32\Debug\vpx\vpx_dsp_x86_vpx_subpixel_8t_intrin_ssse3.obj
         Win32\Debug\vpx\vpx_dsp_loopfilter.obj
         Win32\Debug\vpx\vpx_dsp_x86_loopfilter_sse2.obj
         Win32\Debug\vpx\vpx_dsp_x86_loopfilter_avx2.obj
         Win32\Debug\vpx\vpx_dsp_skin_detection.obj
         Win32\Debug\vpx\vpx_dsp_sad.obj
         Win32\Debug\vpx\vpx_dsp_subtract.obj
         Win32\Debug\vpx\vpx_dsp_sum_squares.obj
         Win32\Debug\vpx\vpx_dsp_x86_sum_squares_sse2.obj
         Win32\Debug\vpx\vpx_dsp_x86_sad4d_avx2.obj
         Win32\Debug\vpx\vpx_dsp_x86_sad_avx2.obj
         Win32\Debug\vpx\vpx_dsp_variance.obj
         Win32\Debug\vpx\vpx_dsp_x86_variance_sse2.obj
         Win32\Debug\vpx\vpx_dsp_x86_avg_pred_sse2.obj
         Win32\Debug\vpx\vpx_dsp_x86_variance_avx2.obj
         Win32\Debug\vpx\vpx_dsp_vpx_dsp_rtcd.obj
         Win32\Debug\vpx\vpx_util_vpx_thread.obj
         Win32\Debug\vpx\vpx_util_vpx_write_yuv_frame.obj
         Win32\Debug\vpx\vp8_common_alloccommon.obj
         Win32\Debug\vpx\vp8_common_blockd.obj
         Win32\Debug\vpx\vp8_common_copy_c.obj
         Win32\Debug\vpx\vp8_common_dequantize.obj
         Win32\Debug\vpx\vp8_common_entropy.obj
         Win32\Debug\vpx\vp8_common_entropymode.obj
         Win32\Debug\vpx\vp8_common_entropymv.obj
         Win32\Debug\vpx\vp8_common_extend.obj
         Win32\Debug\vpx\vp8_common_filter.obj
         Win32\Debug\vpx\vp8_common_findnearmv.obj
         Win32\Debug\vpx\vp8_common_generic_systemdependent.obj
         Win32\Debug\vpx\vp8_common_idct_blk.obj
         Win32\Debug\vpx\vp8_common_idctllm.obj
         Win32\Debug\vpx\vp8_common_rtcd.obj
         Win32\Debug\vpx\vp8_common_vp8_loopfilter.obj
         Win32\Debug\vpx\vp8_common_loopfilter_filters.obj
         Win32\Debug\vpx\vp8_common_mbpitch.obj
         Win32\Debug\vpx\vp8_common_modecont.obj
         Win32\Debug\vpx\vp8_common_quant_common.obj
         Win32\Debug\vpx\vp8_common_reconinter.obj
         Win32\Debug\vpx\vp8_common_reconintra.obj
         Win32\Debug\vpx\vp8_common_reconintra4x4.obj
         Win32\Debug\vpx\vp8_common_setupintrarecon.obj
         Win32\Debug\vpx\vp8_common_swapyv12buffer.obj
         Win32\Debug\vpx\vp8_common_treecoder.obj
         Win32\Debug\vpx\vp8_common_x86_filter_x86.obj
         Win32\Debug\vpx\vp8_common_x86_vp8_asm_stubs.obj
         Win32\Debug\vpx\vp8_common_x86_loopfilter_x86.obj
         Win32\Debug\vpx\vp8_common_mfqe.obj
         Win32\Debug\vpx\vp8_common_postproc.obj
         Win32\Debug\vpx\vp8_common_x86_idct_blk_mmx.obj
         Win32\Debug\vpx\vp8_common_x86_idct_blk_sse2.obj
         Win32\Debug\vpx\vp8_vp8_cx_iface.obj
         Win32\Debug\vpx\vp8_encoder_bitstream.obj
         Win32\Debug\vpx\vp8_encoder_boolhuff.obj
         Win32\Debug\vpx\vp8_encoder_dct.obj
         Win32\Debug\vpx\vp8_encoder_encodeframe.obj
         Win32\Debug\vpx\vp8_encoder_encodeintra.obj
         Win32\Debug\vpx\vp8_encoder_encodemb.obj
         Win32\Debug\vpx\vp8_encoder_encodemv.obj
         Win32\Debug\vpx\vp8_encoder_ethreading.obj
         Win32\Debug\vpx\vp8_encoder_denoising.obj
         Win32\Debug\vpx\vp8_encoder_lookahead.obj
         Win32\Debug\vpx\vp8_encoder_mcomp.obj
         Win32\Debug\vpx\vp8_encoder_modecosts.obj
         Win32\Debug\vpx\vp8_encoder_onyx_if.obj
         Win32\Debug\vpx\vp8_encoder_pickinter.obj
         Win32\Debug\vpx\vp8_encoder_picklpf.obj
         Win32\Debug\vpx\vp8_encoder_vp8_quantize.obj
         Win32\Debug\vpx\vp8_encoder_ratectrl.obj
         Win32\Debug\vpx\vp8_encoder_rdopt.obj
         Win32\Debug\vpx\vp8_encoder_segmentation.obj
         Win32\Debug\vpx\vp8_common_vp8_skin_detection.obj
         Win32\Debug\vpx\vp8_encoder_tokenize.obj
         Win32\Debug\vpx\vp8_encoder_treewriter.obj
         Win32\Debug\vpx\vp8_encoder_x86_vp8_quantize_sse2.obj
         Win32\Debug\vpx\vp8_encoder_x86_vp8_quantize_ssse3.obj
         Win32\Debug\vpx\vp8_encoder_x86_quantize_sse4.obj
         Win32\Debug\vpx\vp8_encoder_x86_denoising_sse2.obj
         Win32\Debug\vpx\vp8_encoder_x86_vp8_enc_stubs_sse2.obj
         Win32\Debug\vpx\vp8_vp8_dx_iface.obj
         Win32\Debug\vpx\vp8_decoder_dboolhuff.obj
         Win32\Debug\vpx\vp8_decoder_decodemv.obj
         Win32\Debug\vpx\vp8_decoder_decodeframe.obj
         Win32\Debug\vpx\vp8_decoder_detokenize.obj
         Win32\Debug\vpx\vp8_decoder_error_concealment.obj
         Win32\Debug\vpx\vp8_decoder_onyxd_if.obj
         Win32\Debug\vpx\vp8_decoder_threading.obj
         Win32\Debug\vpx\vpx_config.obj
         vpx.vcxproj -> c:\Users\Coral\Desktop\CoralPhone-desktop\linphone-sdk\external\libvpx\Win32\Debug\vpxmdd.lib
       FinalizeBuildStatus:
         Deleting file "Win32\Debug\vpx\vpx.tlog\unsuccessfulbuild".
         Touching "Win32\Debug\vpx\vpx.tlog\vpx.lastbuildstate".
     2>Done Building Project "c:\Users\Coral\Desktop\CoralPhone-desktop\linphone-sdk\external\libvpx\vpx.vcxproj" (default targets).
     1>Done Building Project "c:\Users\Coral\Desktop\CoralPhone-desktop\linphone-sdk\external\libvpx\vpx.sln" (Build target(s)).

Build succeeded.
    0 Warning(s)
    0 Error(s)

Time Elapsed 00:00:08.01
msbuild.exe vpx.sln -m -t:Build \
		-p:Configuration="Release" -p:Platform="Win32"
Microsoft (R) Build Engine version 14.0.25420.1
Copyright (C) Microsoft Corporation. All rights reserved.

Build started 19-01-2019 10:58:56.
     1>Project "c:\Users\Coral\Desktop\CoralPhone-desktop\linphone-sdk\external\libvpx\vpx.sln" on node 1 (Build target(s)).
     1>ValidateSolutionConfiguration:
         Building solution configuration "Release|Win32".
     1>Project "c:\Users\Coral\Desktop\CoralPhone-desktop\linphone-sdk\external\libvpx\vpx.sln" (1) is building "c:\Users\Coral\Desktop\CoralPhone-desktop\linphone-sdk\external\libvpx\vpx.vcxproj" (2) on node 1 (default targets).
     2>InitializeBuildStatus:
         Creating "Win32\Release\vpx\vpx.tlog\unsuccessfulbuild" because "AlwaysCreate" was specified.
       CustomBuild:
         All outputs are up-to-date.
       ClCompile:
         All outputs are up-to-date.
         All outputs are up-to-date.
         All outputs are up-to-date.
         All outputs are up-to-date.
         All outputs are up-to-date.
         All outputs are up-to-date.
         All outputs are up-to-date.
         All outputs are up-to-date.
         All outputs are up-to-date.
         All outputs are up-to-date.
         All outputs are up-to-date.
         All outputs are up-to-date.
         All outputs are up-to-date.
         All outputs are up-to-date.
         All outputs are up-to-date.
         All outputs are up-to-date.
         All outputs are up-to-date.
         All outputs are up-to-date.
         All outputs are up-to-date.
         All outputs are up-to-date.
         All outputs are up-to-date.
         All outputs are up-to-date.
         All outputs are up-to-date.
         All outputs are up-to-date.
         All outputs are up-to-date.
         All outputs are up-to-date.
         All outputs are up-to-date.
         All outputs are up-to-date.
         All outputs are up-to-date.
         All outputs are up-to-date.
         All outputs are up-to-date.
         All outputs are up-to-date.
         All outputs are up-to-date.
         All outputs are up-to-date.
         All outputs are up-to-date.
         All outputs are up-to-date.
         All outputs are up-to-date.
         All outputs are up-to-date.
         All outputs are up-to-date.
         All outputs are up-to-date.
         All outputs are up-to-date.
         All outputs are up-to-date.
         All outputs are up-to-date.
         All outputs are up-to-date.
         All outputs are up-to-date.
         All outputs are up-to-date.
         All outputs are up-to-date.
         All outputs are up-to-date.
         All outputs are up-to-date.
         All outputs are up-to-date.
         All outputs are up-to-date.
         All outputs are up-to-date.
         All outputs are up-to-date.
         All outputs are up-to-date.
         All outputs are up-to-date.
         All outputs are up-to-date.
         All outputs are up-to-date.
         All outputs are up-to-date.
         All outputs are up-to-date.
         All outputs are up-to-date.
         All outputs are up-to-date.
         All outputs are up-to-date.
         All outputs are up-to-date.
         All outputs are up-to-date.
         All outputs are up-to-date.
         All outputs are up-to-date.
         All outputs are up-to-date.
         All outputs are up-to-date.
         All outputs are up-to-date.
         All outputs are up-to-date.
         All outputs are up-to-date.
         All outputs are up-to-date.
         All outputs are up-to-date.
         All outputs are up-to-date.
         All outputs are up-to-date.
         All outputs are up-to-date.
         All outputs are up-to-date.
         All outputs are up-to-date.
         All outputs are up-to-date.
         All outputs are up-to-date.
         All outputs are up-to-date.
         All outputs are up-to-date.
         All outputs are up-to-date.
         All outputs are up-to-date.
         All outputs are up-to-date.
         All outputs are up-to-date.
         All outputs are up-to-date.
         All outputs are up-to-date.
         All outputs are up-to-date.
         All outputs are up-to-date.
         All outputs are up-to-date.
         All outputs are up-to-date.
         All outputs are up-to-date.
         All outputs are up-to-date.
         All outputs are up-to-date.
         All outputs are up-to-date.
         All outputs are up-to-date.
         All outputs are up-to-date.
         All outputs are up-to-date.
         All outputs are up-to-date.
         All outputs are up-to-date.
         All outputs are up-to-date.
         All outputs are up-to-date.
         All outputs are up-to-date.
         All outputs are up-to-date.
         All outputs are up-to-date.
         All outputs are up-to-date.
         All outputs are up-to-date.
         C:\Program Files (x86)\Microsoft Visual Studio 14.0\VC\bin\CL.exe /c /I. /I"C:/Users/Coral/Desktop/CoralPhone-desktop/linphone-sdk/external/libvpx" /Zi /nologo /W3 /WX- /sdl- /O2 /Ot /Oy- /GL /D WIN32 /D NDEBUG /D _CRT_SECURE_NO_WARNINGS /D _CRT_SECURE_NO_DEPRECATE /D _UNICODE /D UNICODE /Gm- /EHsc /MD /GS /fp:precise /Zc:wchar_t /Zc:forScope /Zc:inline /Fo"Win32\Release\vpx\vpx_config.obj" /Fd"Win32\Release\vpx\vpx.pdb" /Gd /TC /analyze- /errorReport:queue vpx_config.c
         vpx_config.c
       Lib:
         C:\Program Files (x86)\Microsoft Visual Studio 14.0\VC\bin\Lib.exe /OUT:"c:\Users\Coral\Desktop\CoralPhone-desktop\linphone-sdk\external\libvpx\Win32\Release\vpxmd.lib" /NOLOGO /LTCG Win32\Release\vpx\vpx_ports_emms_asm.obj
         Win32\Release\vpx\vpx_dsp_x86_intrapred_sse2_asm.obj
         Win32\Release\vpx\vpx_dsp_x86_intrapred_ssse3_asm.obj
         Win32\Release\vpx\vpx_dsp_x86_add_noise_sse2_asm.obj
         Win32\Release\vpx\vpx_dsp_x86_deblock_sse2_asm.obj
         Win32\Release\vpx\vpx_dsp_x86_vpx_subpixel_8t_sse2_asm.obj
         Win32\Release\vpx\vpx_dsp_x86_vpx_subpixel_bilinear_sse2_asm.obj
         Win32\Release\vpx\vpx_dsp_x86_vpx_subpixel_8t_ssse3_asm.obj
         Win32\Release\vpx\vpx_dsp_x86_vpx_subpixel_bilinear_ssse3_asm.obj
         Win32\Release\vpx\vpx_dsp_x86_vpx_convolve_copy_sse2_asm.obj
         Win32\Release\vpx\vpx_dsp_x86_sad_sse3_asm.obj
         Win32\Release\vpx\vpx_dsp_x86_sad_ssse3_asm.obj
         Win32\Release\vpx\vpx_dsp_x86_sad_sse4_asm.obj
         Win32\Release\vpx\vpx_dsp_x86_sad4d_sse2_asm.obj
         Win32\Release\vpx\vpx_dsp_x86_sad_sse2_asm.obj
         Win32\Release\vpx\vpx_dsp_x86_subtract_sse2_asm.obj
         Win32\Release\vpx\vpx_dsp_x86_subpel_variance_sse2_asm.obj
         Win32\Release\vpx\vp8_common_x86_dequantize_mmx_asm.obj
         Win32\Release\vpx\vp8_common_x86_idctllm_mmx_asm.obj
         Win32\Release\vpx\vp8_common_x86_recon_mmx_asm.obj
         Win32\Release\vpx\vp8_common_x86_subpixel_mmx_asm.obj
         Win32\Release\vpx\vp8_common_x86_copy_sse2_asm.obj
         Win32\Release\vpx\vp8_common_x86_idctllm_sse2_asm.obj
         Win32\Release\vpx\vp8_common_x86_recon_sse2_asm.obj
         Win32\Release\vpx\vp8_common_x86_subpixel_sse2_asm.obj
         Win32\Release\vpx\vp8_common_x86_loopfilter_sse2_asm.obj
         Win32\Release\vpx\vp8_common_x86_iwalsh_sse2_asm.obj
         Win32\Release\vpx\vp8_common_x86_copy_sse3_asm.obj
         Win32\Release\vpx\vp8_common_x86_subpixel_ssse3_asm.obj
         Win32\Release\vpx\vp8_common_x86_mfqe_sse2_asm.obj
         Win32\Release\vpx\vp8_encoder_x86_dct_sse2_asm.obj
         Win32\Release\vpx\vp8_encoder_x86_fwalsh_sse2_asm.obj
         Win32\Release\vpx\vp8_encoder_x86_encodeopt_asm.obj
         Win32\Release\vpx\vpx_src_vpx_decoder.obj
         Win32\Release\vpx\vpx_src_vpx_encoder.obj
         Win32\Release\vpx\vpx_src_vpx_codec.obj
         Win32\Release\vpx\vpx_src_vpx_image.obj
         Win32\Release\vpx\vpx_mem_vpx_mem.obj
         Win32\Release\vpx\vpx_scale_generic_vpx_scale.obj
         Win32\Release\vpx\vpx_scale_generic_yv12config.obj
         Win32\Release\vpx\vpx_scale_generic_yv12extend.obj
         Win32\Release\vpx\vpx_scale_generic_gen_scalers.obj
         Win32\Release\vpx\vpx_scale_vpx_scale_rtcd.obj
         Win32\Release\vpx\vpx_dsp_prob.obj
         Win32\Release\vpx\vpx_dsp_bitwriter.obj
         Win32\Release\vpx\vpx_dsp_bitwriter_buffer.obj
         Win32\Release\vpx\vpx_dsp_psnr.obj
         Win32\Release\vpx\vpx_dsp_bitreader.obj
         Win32\Release\vpx\vpx_dsp_bitreader_buffer.obj
         Win32\Release\vpx\vpx_dsp_intrapred.obj
         Win32\Release\vpx\vpx_dsp_add_noise.obj
         Win32\Release\vpx\vpx_dsp_deblock.obj
         Win32\Release\vpx\vpx_dsp_vpx_convolve.obj
         Win32\Release\vpx\vpx_dsp_x86_vpx_asm_stubs.obj
         Win32\Release\vpx\vpx_dsp_x86_vpx_subpixel_8t_intrin_avx2.obj
         Win32\Release\vpx\vpx_dsp_x86_vpx_subpixel_8t_intrin_ssse3.obj
         Win32\Release\vpx\vpx_dsp_loopfilter.obj
         Win32\Release\vpx\vpx_dsp_x86_loopfilter_sse2.obj
         Win32\Release\vpx\vpx_dsp_x86_loopfilter_avx2.obj
         Win32\Release\vpx\vpx_dsp_skin_detection.obj
         Win32\Release\vpx\vpx_dsp_sad.obj
         Win32\Release\vpx\vpx_dsp_subtract.obj
         Win32\Release\vpx\vpx_dsp_sum_squares.obj
         Win32\Release\vpx\vpx_dsp_x86_sum_squares_sse2.obj
         Win32\Release\vpx\vpx_dsp_x86_sad4d_avx2.obj
         Win32\Release\vpx\vpx_dsp_x86_sad_avx2.obj
         Win32\Release\vpx\vpx_dsp_variance.obj
         Win32\Release\vpx\vpx_dsp_x86_variance_sse2.obj
         Win32\Release\vpx\vpx_dsp_x86_avg_pred_sse2.obj
         Win32\Release\vpx\vpx_dsp_x86_variance_avx2.obj
         Win32\Release\vpx\vpx_dsp_vpx_dsp_rtcd.obj
         Win32\Release\vpx\vpx_util_vpx_thread.obj
         Win32\Release\vpx\vpx_util_vpx_write_yuv_frame.obj
         Win32\Release\vpx\vp8_common_alloccommon.obj
         Win32\Release\vpx\vp8_common_blockd.obj
         Win32\Release\vpx\vp8_common_copy_c.obj
         Win32\Release\vpx\vp8_common_dequantize.obj
         Win32\Release\vpx\vp8_common_entropy.obj
         Win32\Release\vpx\vp8_common_entropymode.obj
         Win32\Release\vpx\vp8_common_entropymv.obj
         Win32\Release\vpx\vp8_common_extend.obj
         Win32\Release\vpx\vp8_common_filter.obj
         Win32\Release\vpx\vp8_common_findnearmv.obj
         Win32\Release\vpx\vp8_common_generic_systemdependent.obj
         Win32\Release\vpx\vp8_common_idct_blk.obj
         Win32\Release\vpx\vp8_common_idctllm.obj
         Win32\Release\vpx\vp8_common_rtcd.obj
         Win32\Release\vpx\vp8_common_vp8_loopfilter.obj
         Win32\Release\vpx\vp8_common_loopfilter_filters.obj
         Win32\Release\vpx\vp8_common_mbpitch.obj
         Win32\Release\vpx\vp8_common_modecont.obj
         Win32\Release\vpx\vp8_common_quant_common.obj
         Win32\Release\vpx\vp8_common_reconinter.obj
         Win32\Release\vpx\vp8_common_reconintra.obj
         Win32\Release\vpx\vp8_common_reconintra4x4.obj
         Win32\Release\vpx\vp8_common_setupintrarecon.obj
         Win32\Release\vpx\vp8_common_swapyv12buffer.obj
         Win32\Release\vpx\vp8_common_treecoder.obj
         Win32\Release\vpx\vp8_common_x86_filter_x86.obj
         Win32\Release\vpx\vp8_common_x86_vp8_asm_stubs.obj
         Win32\Release\vpx\vp8_common_x86_loopfilter_x86.obj
         Win32\Release\vpx\vp8_common_mfqe.obj
         Win32\Release\vpx\vp8_common_postproc.obj
         Win32\Release\vpx\vp8_common_x86_idct_blk_mmx.obj
         Win32\Release\vpx\vp8_common_x86_idct_blk_sse2.obj
         Win32\Release\vpx\vp8_vp8_cx_iface.obj
         Win32\Release\vpx\vp8_encoder_bitstream.obj
         Win32\Release\vpx\vp8_encoder_boolhuff.obj
         Win32\Release\vpx\vp8_encoder_dct.obj
         Win32\Release\vpx\vp8_encoder_encodeframe.obj
         Win32\Release\vpx\vp8_encoder_encodeintra.obj
         Win32\Release\vpx\vp8_encoder_encodemb.obj
         Win32\Release\vpx\vp8_encoder_encodemv.obj
         Win32\Release\vpx\vp8_encoder_ethreading.obj
         Win32\Release\vpx\vp8_encoder_denoising.obj
         Win32\Release\vpx\vp8_encoder_lookahead.obj
         Win32\Release\vpx\vp8_encoder_mcomp.obj
         Win32\Release\vpx\vp8_encoder_modecosts.obj
         Win32\Release\vpx\vp8_encoder_onyx_if.obj
         Win32\Release\vpx\vp8_encoder_pickinter.obj
         Win32\Release\vpx\vp8_encoder_picklpf.obj
         Win32\Release\vpx\vp8_encoder_vp8_quantize.obj
         Win32\Release\vpx\vp8_encoder_ratectrl.obj
         Win32\Release\vpx\vp8_encoder_rdopt.obj
         Win32\Release\vpx\vp8_encoder_segmentation.obj
         Win32\Release\vpx\vp8_common_vp8_skin_detection.obj
         Win32\Release\vpx\vp8_encoder_tokenize.obj
         Win32\Release\vpx\vp8_encoder_treewriter.obj
         Win32\Release\vpx\vp8_encoder_x86_vp8_quantize_sse2.obj
         Win32\Release\vpx\vp8_encoder_x86_vp8_quantize_ssse3.obj
         Win32\Release\vpx\vp8_encoder_x86_quantize_sse4.obj
         Win32\Release\vpx\vp8_encoder_x86_denoising_sse2.obj
         Win32\Release\vpx\vp8_encoder_x86_vp8_enc_stubs_sse2.obj
         Win32\Release\vpx\vp8_vp8_dx_iface.obj
         Win32\Release\vpx\vp8_decoder_dboolhuff.obj
         Win32\Release\vpx\vp8_decoder_decodemv.obj
         Win32\Release\vpx\vp8_decoder_decodeframe.obj
         Win32\Release\vpx\vp8_decoder_detokenize.obj
         Win32\Release\vpx\vp8_decoder_error_concealment.obj
         Win32\Release\vpx\vp8_decoder_onyxd_if.obj
         Win32\Release\vpx\vp8_decoder_threading.obj
         Win32\Release\vpx\vpx_config.obj
         vpx.vcxproj -> c:\Users\Coral\Desktop\CoralPhone-desktop\linphone-sdk\external\libvpx\Win32\Release\vpxmd.lib
       FinalizeBuildStatus:
         Deleting file "Win32\Release\vpx\vpx.tlog\unsuccessfulbuild".
         Touching "Win32\Release\vpx\vpx.tlog\vpx.lastbuildstate".
     2>Done Building Project "c:\Users\Coral\Desktop\CoralPhone-desktop\linphone-sdk\external\libvpx\vpx.vcxproj" (default targets).
     1>Done Building Project "c:\Users\Coral\Desktop\CoralPhone-desktop\linphone-sdk\external\libvpx\vpx.sln" (Build target(s)).

Build succeeded.
    0 Warning(s)
    0 Error(s)

Time Elapsed 00:00:15.23
mkdir -p C:/Users/Coral/Desktop/CoralPhone-desktop/OUTPUT/desktop/include/vpx/
cp -p C:/Users/Coral/Desktop/CoralPhone-desktop/linphone-sdk/external/libvpx/vpx/vp8.h C:/Users/Coral/Desktop/CoralPhone-desktop/OUTPUT/desktop/include/vpx/vp8.h
mkdir -p C:/Users/Coral/Desktop/CoralPhone-desktop/OUTPUT/desktop/include/vpx/
cp -p C:/Users/Coral/Desktop/CoralPhone-desktop/linphone-sdk/external/libvpx/vpx/vp8cx.h C:/Users/Coral/Desktop/CoralPhone-desktop/OUTPUT/desktop/include/vpx/vp8cx.h
mkdir -p C:/Users/Coral/Desktop/CoralPhone-desktop/OUTPUT/desktop/include/vpx/
cp -p C:/Users/Coral/Desktop/CoralPhone-desktop/linphone-sdk/external/libvpx/vpx/vp8dx.h C:/Users/Coral/Desktop/CoralPhone-desktop/OUTPUT/desktop/include/vpx/vp8dx.h
mkdir -p C:/Users/Coral/Desktop/CoralPhone-desktop/OUTPUT/desktop/include/vpx/
cp -p C:/Users/Coral/Desktop/CoralPhone-desktop/linphone-sdk/external/libvpx/vpx/vpx_codec.h C:/Users/Coral/Desktop/CoralPhone-desktop/OUTPUT/desktop/include/vpx/vpx_codec.h
mkdir -p C:/Users/Coral/Desktop/CoralPhone-desktop/OUTPUT/desktop/include/vpx/
cp -p C:/Users/Coral/Desktop/CoralPhone-desktop/linphone-sdk/external/libvpx/vpx/vpx_frame_buffer.h C:/Users/Coral/Desktop/CoralPhone-desktop/OUTPUT/desktop/include/vpx/vpx_frame_buffer.h
mkdir -p C:/Users/Coral/Desktop/CoralPhone-desktop/OUTPUT/desktop/include/vpx/
cp -p C:/Users/Coral/Desktop/CoralPhone-desktop/linphone-sdk/external/libvpx/vpx/vpx_image.h C:/Users/Coral/Desktop/CoralPhone-desktop/OUTPUT/desktop/include/vpx/vpx_image.h
mkdir -p C:/Users/Coral/Desktop/CoralPhone-desktop/OUTPUT/desktop/include/vpx/
cp -p C:/Users/Coral/Desktop/CoralPhone-desktop/linphone-sdk/external/libvpx/vpx/vpx_integer.h C:/Users/Coral/Desktop/CoralPhone-desktop/OUTPUT/desktop/include/vpx/vpx_integer.h
mkdir -p C:/Users/Coral/Desktop/CoralPhone-desktop/OUTPUT/desktop/include/vpx/
cp -p C:/Users/Coral/Desktop/CoralPhone-desktop/linphone-sdk/external/libvpx/vpx/vpx_decoder.h C:/Users/Coral/Desktop/CoralPhone-desktop/OUTPUT/desktop/include/vpx/vpx_decoder.h
mkdir -p C:/Users/Coral/Desktop/CoralPhone-desktop/OUTPUT/desktop/include/vpx/
cp -p C:/Users/Coral/Desktop/CoralPhone-desktop/linphone-sdk/external/libvpx/vpx/vpx_encoder.h C:/Users/Coral/Desktop/CoralPhone-desktop/OUTPUT/desktop/include/vpx/vpx_encoder.h
mkdir -p C:/Users/Coral/Desktop/CoralPhone-desktop/OUTPUT/desktop/lib/Win32/
cp -p Win32/Release/vpxmd.lib C:/Users/Coral/Desktop/CoralPhone-desktop/OUTPUT/desktop/lib/Win32/vpxmd.lib
make[1]: Nothing to be done for `install'.
make[1]: Nothing to be done for `install'.
