  Building Custom Rule C:/Users/Coral/Desktop/CoralPhone-desktop/linphone-sdk/cmake-builder/CMakeLists.txt
  CMake does not need to re-run because C:/Users/Coral/Desktop/CoralPhone-desktop/WORK/desktop/cmake/CMakeFiles/generate.stamp is up-to-date.
  Creating directories for 'EP_bv16'
  No download step for 'EP_bv16'
  No update step for 'EP_bv16'
  No patch step for 'EP_bv16'
  Performing configure step for 'EP_bv16'
  loading initial cache file C:/Users/Coral/Desktop/CoralPhone-desktop/WORK/desktop//tmp/EP_bv16/EP_bv16-cache-Release.cmake
  -- The C compiler identification is MSVC 19.0.24215.1
  -- Check for working C compiler: C:/Program Files (x86)/Microsoft Visual Studio 14.0/VC/bin/cl.exe
  -- Check for working C compiler: C:/Program Files (x86)/Microsoft Visual Studio 14.0/VC/bin/cl.exe -- works
  -- Detecting C compiler ABI info
  -- Detecting C compiler ABI info - done
  -- Package file name is BV16-2.1
  -- Configuring done
  -- Generating done
  -- Build files have been written to: C:/Users/Coral/Desktop/CoralPhone-desktop/WORK/desktop/Build/bv16
  Forcing build for 'EP_bv16'
  Performing build step for 'EP_bv16'
  Microsoft (R) Build Engine version 14.0.25420.1
  Copyright (C) Microsoft Corporation. All rights reserved.
  
  Build started 19-01-2019 10:59:19.
  Project "C:\Users\Coral\Desktop\CoralPhone-desktop\WORK\desktop\Build\bv16\ALL_BUILD.vcxproj" on node 1 (default targets).
  Project "C:\Users\Coral\Desktop\CoralPhone-desktop\WORK\desktop\Build\bv16\ALL_BUILD.vcxproj" (1) is building "C:\Users\Coral\Desktop\CoralPhone-desktop\WORK\desktop\Build\bv16\ZERO_CHECK.vcxproj" (2) on node 1 (default targets).
  PrepareForBuild:
    Creating directory "Win32\Release\ZERO_CHECK\".
    Creating directory "C:\Users\Coral\Desktop\CoralPhone-desktop\WORK\desktop\Build\bv16\Release\".
    Creating directory "Win32\Release\ZERO_CHECK\ZERO_CHECK.tlog\".
  InitializeBuildStatus:
    Creating "Win32\Release\ZERO_CHECK\ZERO_CHECK.tlog\unsuccessfulbuild" because "AlwaysCreate" was specified.
  CustomBuild:
    Checking Build System
    CMake does not need to re-run because C:/Users/Coral/Desktop/CoralPhone-desktop/WORK/desktop/Build/bv16/CMakeFiles/generate.stamp is up-to-date.
    CMake does not need to re-run because C:/Users/Coral/Desktop/CoralPhone-desktop/WORK/desktop/Build/bv16/build/CMakeFiles/generate.stamp is up-to-date.
  FinalizeBuildStatus:
    Deleting file "Win32\Release\ZERO_CHECK\ZERO_CHECK.tlog\unsuccessfulbuild".
    Touching "Win32\Release\ZERO_CHECK\ZERO_CHECK.tlog\ZERO_CHECK.lastbuildstate".
  Done Building Project "C:\Users\Coral\Desktop\CoralPhone-desktop\WORK\desktop\Build\bv16\ZERO_CHECK.vcxproj" (default targets).
  Project "C:\Users\Coral\Desktop\CoralPhone-desktop\WORK\desktop\Build\bv16\ALL_BUILD.vcxproj" (1) is building "C:\Users\Coral\Desktop\CoralPhone-desktop\WORK\desktop\Build\bv16\bv16.vcxproj" (3) on node 1 (default targets).
  PrepareForBuild:
    Creating directory "bv16.dir\Release\".
    Creating directory "bv16.dir\Release\bv16.tlog\".
  InitializeBuildStatus:
    Creating "bv16.dir\Release\bv16.tlog\unsuccessfulbuild" because "AlwaysCreate" was specified.
  CustomBuild:
    Building Custom Rule C:/Users/Coral/Desktop/CoralPhone-desktop/linphone-sdk/external/bv16-floatingpoint/CMakeLists.txt
    CMake does not need to re-run because C:/Users/Coral/Desktop/CoralPhone-desktop/WORK/desktop/Build/bv16/CMakeFiles/generate.stamp is up-to-date.
  ClCompile:
    C:\Program Files (x86)\Microsoft Visual Studio 14.0\VC\bin\CL.exe /c /I"C:\Users\Coral\Desktop\CoralPhone-desktop\WORK\desktop\Build\bv16" /I"C:\Users\Coral\Desktop\CoralPhone-desktop\linphone-sdk\external\bv16-floatingpoint\.\bv16" /I"C:\Users\Coral\Desktop\CoralPhone-desktop\linphone-sdk\external\bv16-floatingpoint\.\bvcommon" /nologo /W3 /WX- /MP /O2 /Ob2 /Oy- /D WIN32 /D _WINDOWS /D NDEBUG /D _WIN32_WINNT=0x0600 /D _CRT_SECURE_NO_WARNINGS /D _WINSOCK_DEPRECATED_NO_WARNINGS /D _ALLOW_KEYWORD_MACROS /D Levinson=bv16_Levinson /D WMOPS=0 /D G192BITSTREAM=0 /D "CMAKE_INTDIR=\"Release\"" /D bv16_EXPORTS /D _WINDLL /D _MBCS /Gm- /MD /GS /fp:precise /Zc:wchar_t /Zc:forScope /Zc:inline /Fo"bv16.dir\Release\\" /Fd"bv16.dir\Release\vc140.pdb" /Gd /TC /analyze- /errorReport:queue "C:\Users\Coral\Desktop\CoralPhone-desktop\linphone-sdk\external\bv16-floatingpoint\bv16\bitpack.c" "C:\Users\Coral\Desktop\CoralPhone-desktop\linphone-sdk\external\bv16-floatingpoint\bv16\coarptch.c" "C:\Users\Coral\Desktop\CoralPhone-desktop\linphone-sdk\external\bv16-floatingpoint\bv16\decoder.c" "C:\Users\Coral\Desktop\CoralPhone-desktop\linphone-sdk\external\bv16-floatingpoint\bv16\encoder.c" "C:\Users\Coral\Desktop\CoralPhone-desktop\linphone-sdk\external\bv16-floatingpoint\bv16\excdec.c" "C:\Users\Coral\Desktop\CoralPhone-desktop\linphone-sdk\external\bv16-floatingpoint\bv16\excquan.c" "C:\Users\Coral\Desktop\CoralPhone-desktop\linphone-sdk\external\bv16-floatingpoint\bv16\fineptch.c" "C:\Users\Coral\Desktop\CoralPhone-desktop\linphone-sdk\external\bv16-floatingpoint\bv16\gaindec.c" "C:\Users\Coral\Desktop\CoralPhone-desktop\linphone-sdk\external\bv16-floatingpoint\bv16\gainquan.c" "C:\Users\Coral\Desktop\CoralPhone-desktop\linphone-sdk\external\bv16-floatingpoint\bv16\levelest.c" "C:\Users\Coral\Desktop\CoralPhone-desktop\linphone-sdk\external\bv16-floatingpoint\bv16\lspdec.c" "C:\Users\Coral\Desktop\CoralPhone-desktop\linphone-sdk\external\bv16-floatingpoint\bv16\lspquan.c" "C:\Users\Coral\Desktop\CoralPhone-desktop\linphone-sdk\external\bv16-floatingpoint\bv16\plc.c" "C:\Users\Coral\Desktop\CoralPhone-desktop\linphone-sdk\external\bv16-floatingpoint\bv16\postfilt.c" "C:\Users\Coral\Desktop\CoralPhone-desktop\linphone-sdk\external\bv16-floatingpoint\bv16\ptquan.c" "C:\Users\Coral\Desktop\CoralPhone-desktop\linphone-sdk\external\bv16-floatingpoint\bv16\tables.c" "C:\Users\Coral\Desktop\CoralPhone-desktop\linphone-sdk\external\bv16-floatingpoint\bvcommon\a2lsp.c" "C:\Users\Coral\Desktop\CoralPhone-desktop\linphone-sdk\external\bv16-floatingpoint\bvcommon\allpole.c" "C:\Users\Coral\Desktop\CoralPhone-desktop\linphone-sdk\external\bv16-floatingpoint\bvcommon\allzero.c" "C:\Users\Coral\Desktop\CoralPhone-desktop\linphone-sdk\external\bv16-floatingpoint\bvcommon\autocor.c" "C:\Users\Coral\Desktop\CoralPhone-desktop\linphone-sdk\external\bv16-floatingpoint\bvcommon\cmtables.c" "C:\Users\Coral\Desktop\CoralPhone-desktop\linphone-sdk\external\bv16-floatingpoint\bvcommon\levdur.c" "C:\Users\Coral\Desktop\CoralPhone-desktop\linphone-sdk\external\bv16-floatingpoint\bvcommon\lsp2a.c" "C:\Users\Coral\Desktop\CoralPhone-desktop\linphone-sdk\external\bv16-floatingpoint\bvcommon\ptdec.c" "C:\Users\Coral\Desktop\CoralPhone-desktop\linphone-sdk\external\bv16-floatingpoint\bvcommon\stblchck.c" "C:\Users\Coral\Desktop\CoralPhone-desktop\linphone-sdk\external\bv16-floatingpoint\bvcommon\stblzlsp.c" "C:\Users\Coral\Desktop\CoralPhone-desktop\linphone-sdk\external\bv16-floatingpoint\bvcommon\utility.c"
    bitpack.c
    coarptch.c
    decoder.c
    encoder.c
    excdec.c
    excquan.c
    fineptch.c
    gaindec.c
    gainquan.c
    levelest.c
    lspdec.c
    lspquan.c
    plc.c
    postfilt.c
    ptquan.c
    tables.c
    a2lsp.c
    allpole.c
    allzero.c
    autocor.c
    cmtables.c
    levdur.c
    lsp2a.c
    ptdec.c
    stblchck.c
    stblzlsp.c
    utility.c
  Link:
    C:\Program Files (x86)\Microsoft Visual Studio 14.0\VC\bin\link.exe /ERRORREPORT:QUEUE /OUT:"C:\Users\Coral\Desktop\CoralPhone-desktop\WORK\desktop\Build\bv16\Release\bv16.dll" /INCREMENTAL:NO /NOLOGO kernel32.lib user32.lib gdi32.lib winspool.lib shell32.lib ole32.lib oleaut32.lib uuid.lib comdlg32.lib advapi32.lib /DEF:"C:/Users/Coral/Desktop/CoralPhone-desktop/linphone-sdk/external/bv16-floatingpoint/bv16.def" /MANIFEST /MANIFESTUAC:"level='asInvoker' uiAccess='false'" /manifest:embed /PDB:"C:/Users/Coral/Desktop/CoralPhone-desktop/WORK/desktop/Build/bv16/Release/bv16.pdb" /SUBSYSTEM:CONSOLE /TLBID:1 /DYNAMICBASE /NXCOMPAT /IMPLIB:"C:/Users/Coral/Desktop/CoralPhone-desktop/WORK/desktop/Build/bv16/Release/bv16.lib" /MACHINE:X86 /SAFESEH   /machine:X86 /DLL bv16.dir\Release\bitpack.obj
    bv16.dir\Release\coarptch.obj
    bv16.dir\Release\decoder.obj
    bv16.dir\Release\encoder.obj
    bv16.dir\Release\excdec.obj
    bv16.dir\Release\excquan.obj
    bv16.dir\Release\fineptch.obj
    bv16.dir\Release\gaindec.obj
    bv16.dir\Release\gainquan.obj
    bv16.dir\Release\levelest.obj
    bv16.dir\Release\lspdec.obj
    bv16.dir\Release\lspquan.obj
    bv16.dir\Release\plc.obj
    bv16.dir\Release\postfilt.obj
    bv16.dir\Release\ptquan.obj
    bv16.dir\Release\tables.obj
    bv16.dir\Release\a2lsp.obj
    bv16.dir\Release\allpole.obj
    bv16.dir\Release\allzero.obj
    bv16.dir\Release\autocor.obj
    bv16.dir\Release\cmtables.obj
    bv16.dir\Release\levdur.obj
    bv16.dir\Release\lsp2a.obj
    bv16.dir\Release\ptdec.obj
    bv16.dir\Release\stblchck.obj
    bv16.dir\Release\stblzlsp.obj
    bv16.dir\Release\utility.obj
       Creating library C:/Users/Coral/Desktop/CoralPhone-desktop/WORK/desktop/Build/bv16/Release/bv16.lib and object C:/Users/Coral/Desktop/CoralPhone-desktop/WORK/desktop/Build/bv16/Release/bv16.exp
    bv16.vcxproj -> C:\Users\Coral\Desktop\CoralPhone-desktop\WORK\desktop\Build\bv16\Release\bv16.dll
  FinalizeBuildStatus:
    Deleting file "bv16.dir\Release\bv16.tlog\unsuccessfulbuild".
    Touching "bv16.dir\Release\bv16.tlog\bv16.lastbuildstate".
  Done Building Project "C:\Users\Coral\Desktop\CoralPhone-desktop\WORK\desktop\Build\bv16\bv16.vcxproj" (default targets).
  PrepareForBuild:
    Creating directory "Win32\Release\ALL_BUILD\".
    Creating directory "Win32\Release\ALL_BUILD\ALL_BUILD.tlog\".
  InitializeBuildStatus:
    Creating "Win32\Release\ALL_BUILD\ALL_BUILD.tlog\unsuccessfulbuild" because "AlwaysCreate" was specified.
  CustomBuild:
    Building Custom Rule C:/Users/Coral/Desktop/CoralPhone-desktop/linphone-sdk/external/bv16-floatingpoint/CMakeLists.txt
    CMake does not need to re-run because C:/Users/Coral/Desktop/CoralPhone-desktop/WORK/desktop/Build/bv16/CMakeFiles/generate.stamp is up-to-date.
  FinalizeBuildStatus:
    Deleting file "Win32\Release\ALL_BUILD\ALL_BUILD.tlog\unsuccessfulbuild".
    Touching "Win32\Release\ALL_BUILD\ALL_BUILD.tlog\ALL_BUILD.lastbuildstate".
  Done Building Project "C:\Users\Coral\Desktop\CoralPhone-desktop\WORK\desktop\Build\bv16\ALL_BUILD.vcxproj" (default targets).
  
  Build succeeded.
      0 Warning(s)
      0 Error(s)
  
  Time Elapsed 00:00:03.17
  Performing install step for 'EP_bv16'
  Microsoft (R) Build Engine version 14.0.25420.1
  Copyright (C) Microsoft Corporation. All rights reserved.
  
  Build started 19-01-2019 10:59:22.
  Project "C:\Users\Coral\Desktop\CoralPhone-desktop\WORK\desktop\Build\bv16\install.vcxproj" on node 1 (default targets).
  Project "C:\Users\Coral\Desktop\CoralPhone-desktop\WORK\desktop\Build\bv16\install.vcxproj" (1) is building "C:\Users\Coral\Desktop\CoralPhone-desktop\WORK\desktop\Build\bv16\ZERO_CHECK.vcxproj" (2) on node 1 (default targets).
  InitializeBuildStatus:
    Creating "Win32\Release\ZERO_CHECK\ZERO_CHECK.tlog\unsuccessfulbuild" because "AlwaysCreate" was specified.
  CustomBuild:
    All outputs are up-to-date.
  FinalizeBuildStatus:
    Deleting file "Win32\Release\ZERO_CHECK\ZERO_CHECK.tlog\unsuccessfulbuild".
    Touching "Win32\Release\ZERO_CHECK\ZERO_CHECK.tlog\ZERO_CHECK.lastbuildstate".
  Done Building Project "C:\Users\Coral\Desktop\CoralPhone-desktop\WORK\desktop\Build\bv16\ZERO_CHECK.vcxproj" (default targets).
  Project "C:\Users\Coral\Desktop\CoralPhone-desktop\WORK\desktop\Build\bv16\install.vcxproj" (1) is building "C:\Users\Coral\Desktop\CoralPhone-desktop\WORK\desktop\Build\bv16\ALL_BUILD.vcxproj" (3) on node 1 (default targets).
  Project "C:\Users\Coral\Desktop\CoralPhone-desktop\WORK\desktop\Build\bv16\ALL_BUILD.vcxproj" (3) is building "C:\Users\Coral\Desktop\CoralPhone-desktop\WORK\desktop\Build\bv16\bv16.vcxproj" (4) on node 1 (default targets).
  InitializeBuildStatus:
    Creating "bv16.dir\Release\bv16.tlog\unsuccessfulbuild" because "AlwaysCreate" was specified.
  CustomBuild:
    All outputs are up-to-date.
  ClCompile:
    All outputs are up-to-date.
  Link:
    All outputs are up-to-date.
    bv16.vcxproj -> C:\Users\Coral\Desktop\CoralPhone-desktop\WORK\desktop\Build\bv16\Release\bv16.dll
  FinalizeBuildStatus:
    Deleting file "bv16.dir\Release\bv16.tlog\unsuccessfulbuild".
    Touching "bv16.dir\Release\bv16.tlog\bv16.lastbuildstate".
  Done Building Project "C:\Users\Coral\Desktop\CoralPhone-desktop\WORK\desktop\Build\bv16\bv16.vcxproj" (default targets).
  InitializeBuildStatus:
    Creating "Win32\Release\ALL_BUILD\ALL_BUILD.tlog\unsuccessfulbuild" because "AlwaysCreate" was specified.
  CustomBuild:
    All outputs are up-to-date.
  FinalizeBuildStatus:
    Deleting file "Win32\Release\ALL_BUILD\ALL_BUILD.tlog\unsuccessfulbuild".
    Touching "Win32\Release\ALL_BUILD\ALL_BUILD.tlog\ALL_BUILD.lastbuildstate".
  Done Building Project "C:\Users\Coral\Desktop\CoralPhone-desktop\WORK\desktop\Build\bv16\ALL_BUILD.vcxproj" (default targets).
  PrepareForBuild:
    Creating directory "Win32\Release\INSTALL\".
    Creating directory "Win32\Release\INSTALL\INSTALL.tlog\".
  InitializeBuildStatus:
    Creating "Win32\Release\INSTALL\INSTALL.tlog\unsuccessfulbuild" because "AlwaysCreate" was specified.
  PostBuildEvent:
    setlocal
    "C:\Program Files\CMake\bin\cmake.exe" -DBUILD_TYPE=Release -P cmake_install.cmake
    if %errorlevel% neq 0 goto :cmEnd
    :cmEnd
    endlocal & call :cmErrorLevel %errorlevel% & goto :cmDone
    :cmErrorLevel
    exit /b %1
    :cmDone
    if %errorlevel% neq 0 goto :VCEnd
    :VCEnd
    -- Install configuration: "Release"
    -- Installing: C:/Users/Coral/Desktop/CoralPhone-desktop/OUTPUT/desktop/lib/bv16.lib
    -- Installing: C:/Users/Coral/Desktop/CoralPhone-desktop/OUTPUT/desktop/bin/bv16.dll
    -- Installing: C:/Users/Coral/Desktop/CoralPhone-desktop/OUTPUT/desktop/include/bv16-floatingpoint/bv16/bitpack.h
    -- Installing: C:/Users/Coral/Desktop/CoralPhone-desktop/OUTPUT/desktop/include/bv16-floatingpoint/bv16/bv16.h
    -- Installing: C:/Users/Coral/Desktop/CoralPhone-desktop/OUTPUT/desktop/include/bv16-floatingpoint/bv16/bv16cnst.h
    -- Installing: C:/Users/Coral/Desktop/CoralPhone-desktop/OUTPUT/desktop/include/bv16-floatingpoint/bv16/bv16externs.h
    -- Installing: C:/Users/Coral/Desktop/CoralPhone-desktop/OUTPUT/desktop/include/bv16-floatingpoint/bv16/bv16strct.h
    -- Installing: C:/Users/Coral/Desktop/CoralPhone-desktop/OUTPUT/desktop/include/bv16-floatingpoint/bv16/g192.h
    -- Installing: C:/Users/Coral/Desktop/CoralPhone-desktop/OUTPUT/desktop/include/bv16-floatingpoint/bv16/postfilt.h
    -- Installing: C:/Users/Coral/Desktop/CoralPhone-desktop/OUTPUT/desktop/include/bv16-floatingpoint/bvcommon/bvcommon.h
    -- Installing: C:/Users/Coral/Desktop/CoralPhone-desktop/OUTPUT/desktop/include/bv16-floatingpoint/bvcommon/typedef.h
    -- Installing: C:/Users/Coral/Desktop/CoralPhone-desktop/OUTPUT/desktop/include/bv16-floatingpoint/bvcommon/utility.h
  FinalizeBuildStatus:
    Deleting file "Win32\Release\INSTALL\INSTALL.tlog\unsuccessfulbuild".
    Touching "Win32\Release\INSTALL\INSTALL.tlog\INSTALL.lastbuildstate".
  Done Building Project "C:\Users\Coral\Desktop\CoralPhone-desktop\WORK\desktop\Build\bv16\install.vcxproj" (default targets).
  
  Build succeeded.
      0 Warning(s)
      0 Error(s)
  
  Time Elapsed 00:00:01.06
  Completed 'EP_bv16'
