  Building Custom Rule C:/Users/Coral/Desktop/CoralPhone-desktop/linphone-sdk/cmake-builder/CMakeLists.txt
  CMake does not need to re-run because C:/Users/Coral/Desktop/CoralPhone-desktop/WORK/desktop/cmake/CMakeFiles/generate.stamp is up-to-date.
  Creating directories for 'EP_zlib'
  No download step for 'EP_zlib'
  No update step for 'EP_zlib'
  No patch step for 'EP_zlib'
  Performing configure step for 'EP_zlib'
  loading initial cache file C:/Users/Coral/Desktop/CoralPhone-desktop/WORK/desktop//tmp/EP_zlib/EP_zlib-cache-Release.cmake
  -- The C compiler identification is MSVC 19.0.24215.1
  -- Check for working C compiler: C:/Program Files (x86)/Microsoft Visual Studio 14.0/VC/bin/cl.exe
  -- Check for working C compiler: C:/Program Files (x86)/Microsoft Visual Studio 14.0/VC/bin/cl.exe -- works
  -- Detecting C compiler ABI info
  -- Detecting C compiler ABI info - done
  -- Looking for sys/types.h
  -- Looking for sys/types.h - found
  -- Looking for stdint.h
  -- Looking for stdint.h - found
  -- Looking for stddef.h
  -- Looking for stddef.h - found
  -- Check size of off64_t
  -- Check size of off64_t - failed
  -- Looking for fseeko
  -- Looking for fseeko - not found
  -- Looking for unistd.h
  -- Looking for unistd.h - not found
  -- Configuring done
  -- Generating done
  -- Build files have been written to: C:/Users/Coral/Desktop/CoralPhone-desktop/WORK/desktop/Build/zlib
  Forcing build for 'EP_zlib'
  Performing build step for 'EP_zlib'
  Microsoft (R) Build Engine version 14.0.25420.1
  Copyright (C) Microsoft Corporation. All rights reserved.
  
  Build started 19-01-2019 11:05:08.
  Project "C:\Users\Coral\Desktop\CoralPhone-desktop\WORK\desktop\Build\zlib\ALL_BUILD.vcxproj" on node 1 (default targets).
  Project "C:\Users\Coral\Desktop\CoralPhone-desktop\WORK\desktop\Build\zlib\ALL_BUILD.vcxproj" (1) is building "C:\Users\Coral\Desktop\CoralPhone-desktop\WORK\desktop\Build\zlib\ZERO_CHECK.vcxproj" (2) on node 1 (default targets).
  PrepareForBuild:
    Creating directory "Win32\Release\ZERO_CHECK\".
    Creating directory "C:\Users\Coral\Desktop\CoralPhone-desktop\WORK\desktop\Build\zlib\Release\".
    Creating directory "Win32\Release\ZERO_CHECK\ZERO_CHECK.tlog\".
  InitializeBuildStatus:
    Creating "Win32\Release\ZERO_CHECK\ZERO_CHECK.tlog\unsuccessfulbuild" because "AlwaysCreate" was specified.
  CustomBuild:
    Checking Build System
    CMake does not need to re-run because C:/Users/Coral/Desktop/CoralPhone-desktop/WORK/desktop/Build/zlib/CMakeFiles/generate.stamp is up-to-date.
  FinalizeBuildStatus:
    Deleting file "Win32\Release\ZERO_CHECK\ZERO_CHECK.tlog\unsuccessfulbuild".
    Touching "Win32\Release\ZERO_CHECK\ZERO_CHECK.tlog\ZERO_CHECK.lastbuildstate".
  Done Building Project "C:\Users\Coral\Desktop\CoralPhone-desktop\WORK\desktop\Build\zlib\ZERO_CHECK.vcxproj" (default targets).
  Project "C:\Users\Coral\Desktop\CoralPhone-desktop\WORK\desktop\Build\zlib\ALL_BUILD.vcxproj" (1) is building "C:\Users\Coral\Desktop\CoralPhone-desktop\WORK\desktop\Build\zlib\zlibstatic.vcxproj" (3) on node 1 (default targets).
  PrepareForBuild:
    Creating directory "zlibstatic.dir\Release\".
    Creating directory "zlibstatic.dir\Release\zlibstatic.tlog\".
  InitializeBuildStatus:
    Creating "zlibstatic.dir\Release\zlibstatic.tlog\unsuccessfulbuild" because "AlwaysCreate" was specified.
  CustomBuild:
    Building Custom Rule C:/Users/Coral/Desktop/CoralPhone-desktop/linphone-sdk/external/zlib/CMakeLists.txt
    CMake does not need to re-run because C:/Users/Coral/Desktop/CoralPhone-desktop/WORK/desktop/Build/zlib/CMakeFiles/generate.stamp is up-to-date.
  ClCompile:
    C:\Program Files (x86)\Microsoft Visual Studio 14.0\VC\bin\CL.exe /c /I"C:\Users\Coral\Desktop\CoralPhone-desktop\linphone-sdk\external\zlib" /I"C:\Users\Coral\Desktop\CoralPhone-desktop\WORK\desktop\Build\zlib" /nologo /W0 /WX- /MP /O2 /Ob2 /Oy- /D WIN32 /D _WINDOWS /D NDEBUG /D _WIN32_WINNT=0x0600 /D _CRT_SECURE_NO_WARNINGS /D _WINSOCK_DEPRECATED_NO_WARNINGS /D _ALLOW_KEYWORD_MACROS /D NO_FSEEKO /D _CRT_SECURE_NO_DEPRECATE /D _CRT_NONSTDC_NO_DEPRECATE /D "CMAKE_INTDIR=\"Release\"" /D _MBCS /Gm- /MD /GS /fp:precise /Zc:wchar_t /Zc:forScope /Zc:inline /Fo"zlibstatic.dir\Release\\" /Fd"zlibstatic.dir\Release\zlibstatic.pdb" /Gd /TC /analyze- /errorReport:queue   -fPIC "C:\Users\Coral\Desktop\CoralPhone-desktop\linphone-sdk\external\zlib\adler32.c" "C:\Users\Coral\Desktop\CoralPhone-desktop\linphone-sdk\external\zlib\compress.c" "C:\Users\Coral\Desktop\CoralPhone-desktop\linphone-sdk\external\zlib\crc32.c" "C:\Users\Coral\Desktop\CoralPhone-desktop\linphone-sdk\external\zlib\deflate.c" "C:\Users\Coral\Desktop\CoralPhone-desktop\linphone-sdk\external\zlib\gzclose.c" "C:\Users\Coral\Desktop\CoralPhone-desktop\linphone-sdk\external\zlib\gzlib.c" "C:\Users\Coral\Desktop\CoralPhone-desktop\linphone-sdk\external\zlib\gzread.c" "C:\Users\Coral\Desktop\CoralPhone-desktop\linphone-sdk\external\zlib\gzwrite.c" "C:\Users\Coral\Desktop\CoralPhone-desktop\linphone-sdk\external\zlib\inflate.c" "C:\Users\Coral\Desktop\CoralPhone-desktop\linphone-sdk\external\zlib\infback.c" "C:\Users\Coral\Desktop\CoralPhone-desktop\linphone-sdk\external\zlib\inftrees.c" "C:\Users\Coral\Desktop\CoralPhone-desktop\linphone-sdk\external\zlib\inffast.c" "C:\Users\Coral\Desktop\CoralPhone-desktop\linphone-sdk\external\zlib\trees.c" "C:\Users\Coral\Desktop\CoralPhone-desktop\linphone-sdk\external\zlib\uncompr.c" "C:\Users\Coral\Desktop\CoralPhone-desktop\linphone-sdk\external\zlib\zutil.c"
cl : Command line warning D9002: ignoring unknown option '-fPIC' [C:\Users\Coral\Desktop\CoralPhone-desktop\WORK\desktop\Build\zlib\zlibstatic.vcxproj]
cl : Command line warning D9002: ignoring unknown option '-fPIC' [C:\Users\Coral\Desktop\CoralPhone-desktop\WORK\desktop\Build\zlib\zlibstatic.vcxproj]
    adler32.c
cl : Command line warning D9002: ignoring unknown option '-fPIC' [C:\Users\Coral\Desktop\CoralPhone-desktop\WORK\desktop\Build\zlib\zlibstatic.vcxproj]
    compress.c
    crc32.c
    deflate.c
    gzclose.c
    gzlib.c
    gzread.c
    gzwrite.c
    inflate.c
    infback.c
    inftrees.c
    inffast.c
    trees.c
    uncompr.c
    zutil.c
  Lib:
    C:\Program Files (x86)\Microsoft Visual Studio 14.0\VC\bin\Lib.exe /OUT:"C:\Users\Coral\Desktop\CoralPhone-desktop\WORK\desktop\Build\zlib\Release\zlib.lib" /NOLOGO   /machine:X86 zlibstatic.dir\Release\adler32.obj
    zlibstatic.dir\Release\compress.obj
    zlibstatic.dir\Release\crc32.obj
    zlibstatic.dir\Release\deflate.obj
    zlibstatic.dir\Release\gzclose.obj
    zlibstatic.dir\Release\gzlib.obj
    zlibstatic.dir\Release\gzread.obj
    zlibstatic.dir\Release\gzwrite.obj
    zlibstatic.dir\Release\inflate.obj
    zlibstatic.dir\Release\infback.obj
    zlibstatic.dir\Release\inftrees.obj
    zlibstatic.dir\Release\inffast.obj
    zlibstatic.dir\Release\trees.obj
    zlibstatic.dir\Release\uncompr.obj
    zlibstatic.dir\Release\zutil.obj
    zlibstatic.vcxproj -> C:\Users\Coral\Desktop\CoralPhone-desktop\WORK\desktop\Build\zlib\Release\zlib.lib
  FinalizeBuildStatus:
    Deleting file "zlibstatic.dir\Release\zlibstatic.tlog\unsuccessfulbuild".
    Touching "zlibstatic.dir\Release\zlibstatic.tlog\zlibstatic.lastbuildstate".
  Done Building Project "C:\Users\Coral\Desktop\CoralPhone-desktop\WORK\desktop\Build\zlib\zlibstatic.vcxproj" (default targets).
  PrepareForBuild:
    Creating directory "Win32\Release\ALL_BUILD\".
    Creating directory "Win32\Release\ALL_BUILD\ALL_BUILD.tlog\".
  InitializeBuildStatus:
    Creating "Win32\Release\ALL_BUILD\ALL_BUILD.tlog\unsuccessfulbuild" because "AlwaysCreate" was specified.
  CustomBuild:
    Building Custom Rule C:/Users/Coral/Desktop/CoralPhone-desktop/linphone-sdk/external/zlib/CMakeLists.txt
    CMake does not need to re-run because C:/Users/Coral/Desktop/CoralPhone-desktop/WORK/desktop/Build/zlib/CMakeFiles/generate.stamp is up-to-date.
  FinalizeBuildStatus:
    Deleting file "Win32\Release\ALL_BUILD\ALL_BUILD.tlog\unsuccessfulbuild".
    Touching "Win32\Release\ALL_BUILD\ALL_BUILD.tlog\ALL_BUILD.lastbuildstate".
  Done Building Project "C:\Users\Coral\Desktop\CoralPhone-desktop\WORK\desktop\Build\zlib\ALL_BUILD.vcxproj" (default targets).
  
  Build succeeded.
  
  "C:\Users\Coral\Desktop\CoralPhone-desktop\WORK\desktop\Build\zlib\ALL_BUILD.vcxproj" (default target) (1) ->
  "C:\Users\Coral\Desktop\CoralPhone-desktop\WORK\desktop\Build\zlib\zlibstatic.vcxproj" (default target) (3) ->
  (ClCompile target) -> 
cl : Command line warning D9002: ignoring unknown option '-fPIC' [C:\Users\Coral\Desktop\CoralPhone-desktop\WORK\desktop\Build\zlib\zlibstatic.vcxproj]
cl : Command line warning D9002: ignoring unknown option '-fPIC' [C:\Users\Coral\Desktop\CoralPhone-desktop\WORK\desktop\Build\zlib\zlibstatic.vcxproj]
cl : Command line warning D9002: ignoring unknown option '-fPIC' [C:\Users\Coral\Desktop\CoralPhone-desktop\WORK\desktop\Build\zlib\zlibstatic.vcxproj]
  
      3 Warning(s)
      0 Error(s)
  
  Time Elapsed 00:00:03.89
  Performing install step for 'EP_zlib'
  Microsoft (R) Build Engine version 14.0.25420.1
  Copyright (C) Microsoft Corporation. All rights reserved.
  
  Build started 19-01-2019 11:05:12.
  Project "C:\Users\Coral\Desktop\CoralPhone-desktop\WORK\desktop\Build\zlib\install.vcxproj" on node 1 (default targets).
  Project "C:\Users\Coral\Desktop\CoralPhone-desktop\WORK\desktop\Build\zlib\install.vcxproj" (1) is building "C:\Users\Coral\Desktop\CoralPhone-desktop\WORK\desktop\Build\zlib\ZERO_CHECK.vcxproj" (2) on node 1 (default targets).
  InitializeBuildStatus:
    Creating "Win32\Release\ZERO_CHECK\ZERO_CHECK.tlog\unsuccessfulbuild" because "AlwaysCreate" was specified.
  CustomBuild:
    All outputs are up-to-date.
  FinalizeBuildStatus:
    Deleting file "Win32\Release\ZERO_CHECK\ZERO_CHECK.tlog\unsuccessfulbuild".
    Touching "Win32\Release\ZERO_CHECK\ZERO_CHECK.tlog\ZERO_CHECK.lastbuildstate".
  Done Building Project "C:\Users\Coral\Desktop\CoralPhone-desktop\WORK\desktop\Build\zlib\ZERO_CHECK.vcxproj" (default targets).
  Project "C:\Users\Coral\Desktop\CoralPhone-desktop\WORK\desktop\Build\zlib\install.vcxproj" (1) is building "C:\Users\Coral\Desktop\CoralPhone-desktop\WORK\desktop\Build\zlib\ALL_BUILD.vcxproj" (3) on node 1 (default targets).
  Project "C:\Users\Coral\Desktop\CoralPhone-desktop\WORK\desktop\Build\zlib\ALL_BUILD.vcxproj" (3) is building "C:\Users\Coral\Desktop\CoralPhone-desktop\WORK\desktop\Build\zlib\zlibstatic.vcxproj" (4) on node 1 (default targets).
  InitializeBuildStatus:
    Creating "zlibstatic.dir\Release\zlibstatic.tlog\unsuccessfulbuild" because "AlwaysCreate" was specified.
  CustomBuild:
    All outputs are up-to-date.
  ClCompile:
    All outputs are up-to-date.
  Lib:
    All outputs are up-to-date.
    zlibstatic.vcxproj -> C:\Users\Coral\Desktop\CoralPhone-desktop\WORK\desktop\Build\zlib\Release\zlib.lib
  FinalizeBuildStatus:
    Deleting file "zlibstatic.dir\Release\zlibstatic.tlog\unsuccessfulbuild".
    Touching "zlibstatic.dir\Release\zlibstatic.tlog\zlibstatic.lastbuildstate".
  Done Building Project "C:\Users\Coral\Desktop\CoralPhone-desktop\WORK\desktop\Build\zlib\zlibstatic.vcxproj" (default targets).
  InitializeBuildStatus:
    Creating "Win32\Release\ALL_BUILD\ALL_BUILD.tlog\unsuccessfulbuild" because "AlwaysCreate" was specified.
  CustomBuild:
    All outputs are up-to-date.
  FinalizeBuildStatus:
    Deleting file "Win32\Release\ALL_BUILD\ALL_BUILD.tlog\unsuccessfulbuild".
    Touching "Win32\Release\ALL_BUILD\ALL_BUILD.tlog\ALL_BUILD.lastbuildstate".
  Done Building Project "C:\Users\Coral\Desktop\CoralPhone-desktop\WORK\desktop\Build\zlib\ALL_BUILD.vcxproj" (default targets).
  PrepareForBuild:
    Creating directory "Win32\Release\INSTALL\".
    Creating directory "Win32\Release\INSTALL\INSTALL.tlog\".
  InitializeBuildStatus:
    Creating "Win32\Release\INSTALL\INSTALL.tlog\unsuccessfulbuild" because "AlwaysCreate" was specified.
  PostBuildEvent:
    setlocal
    "C:\Program Files\CMake\bin\cmake.exe" -DBUILD_TYPE=Release -P cmake_install.cmake
    if %errorlevel% neq 0 goto :cmEnd
    :cmEnd
    endlocal & call :cmErrorLevel %errorlevel% & goto :cmDone
    :cmErrorLevel
    exit /b %1
    :cmDone
    if %errorlevel% neq 0 goto :VCEnd
    :VCEnd
    -- Install configuration: "Release"
    -- Installing: C:/Users/Coral/Desktop/CoralPhone-desktop/OUTPUT/desktop/lib/zlib.lib
    -- Installing: C:/Users/Coral/Desktop/CoralPhone-desktop/OUTPUT/desktop/include/zconf.h
    -- Installing: C:/Users/Coral/Desktop/CoralPhone-desktop/OUTPUT/desktop/include/zlib.h
  FinalizeBuildStatus:
    Deleting file "Win32\Release\INSTALL\INSTALL.tlog\unsuccessfulbuild".
    Touching "Win32\Release\INSTALL\INSTALL.tlog\INSTALL.lastbuildstate".
  Done Building Project "C:\Users\Coral\Desktop\CoralPhone-desktop\WORK\desktop\Build\zlib\install.vcxproj" (default targets).
  
  Build succeeded.
      0 Warning(s)
      0 Error(s)
  
  Time Elapsed 00:00:01.12
  Completed 'EP_zlib'
