  Building Custom Rule C:/Users/Coral/Desktop/CoralPhone-desktop/linphone-sdk/cmake-builder/CMakeLists.txt
  CMake does not need to re-run because C:/Users/Coral/Desktop/CoralPhone-desktop/WORK/desktop/cmake/CMakeFiles/generate.stamp is up-to-date.
  Creating directories for 'EP_ffmpeg'
  No download step for 'EP_ffmpeg'
  No update step for 'EP_ffmpeg'
  No patch step for 'EP_ffmpeg'
  Performing configure step for 'EP_ffmpeg'
  Forcing build for 'EP_ffmpeg'
  Performing build step for 'EP_ffmpeg'
  Performing install step for 'EP_ffmpeg'
  Performing post-installation for 'EP_ffmpeg'
  Microsoft (R) Library Manager Version 14.00.24215.1
  Copyright (C) Microsoft Corporation.  All rights reserved.
  
     Creating library C:/Users/Coral/Desktop/CoralPhone-desktop/OUTPUT/desktop/lib/avcodec.lib and object C:/Users/Coral/Desktop/CoralPhone-desktop/OUTPUT/desktop/lib/avcodec.exp
  Microsoft (R) Library Manager Version 14.00.24215.1
  Copyright (C) Microsoft Corporation.  All rights reserved.
  
     Creating library C:/Users/Coral/Desktop/CoralPhone-desktop/OUTPUT/desktop/lib/avutil.lib and object C:/Users/Coral/Desktop/CoralPhone-desktop/OUTPUT/desktop/lib/avutil.exp
  Microsoft (R) Library Manager Version 14.00.24215.1
  Copyright (C) Microsoft Corporation.  All rights reserved.
  
     Creating library C:/Users/Coral/Desktop/CoralPhone-desktop/OUTPUT/desktop/lib/swresample.lib and object C:/Users/Coral/Desktop/CoralPhone-desktop/OUTPUT/desktop/lib/swresample.exp
  Microsoft (R) Library Manager Version 14.00.24215.1
  Copyright (C) Microsoft Corporation.  All rights reserved.
  
     Creating library C:/Users/Coral/Desktop/CoralPhone-desktop/OUTPUT/desktop/lib/swscale.lib and object C:/Users/Coral/Desktop/CoralPhone-desktop/OUTPUT/desktop/lib/swscale.exp
  Completed 'EP_ffmpeg'
